1652314370309	geckodriver	INFO	Listening on 127.0.0.1:63440
1652314373406	mozrunner::runner	INFO	Running command: "C:\\Program Files\\Mozilla Firefox\\firefox.exe" "--marionette" "--remote-debugging-port" "63441" "-no-remote" "-profile" "C:\\Users\\eldor\\AppData\\Local\\Temp\\rust_mozprofileadc7Pv"
1652314375276	Marionette	INFO	Marionette enabled
console.warn: SearchSettings: "get: No settings file exists, new profile?" (new NotFoundError("Could not open the file at C:\\Users\\eldor\\AppData\\Local\\Temp\\rust_mozprofileadc7Pv\\search.json.mozlz4", (void 0)))
DevTools listening on ws://localhost:63441/devtools/browser/974680ae-8124-441b-b537-0ed22adb25e5
1652314381067	Marionette	INFO	Listening on port 63450
1652314381170	RemoteAgent	WARN	TLS certificate errors will be ignored for this session
1652314383477	Marionette	INFO	Stopped listening on port 63450
JavaScript error: resource://services-settings/Utils.jsm, line 153: TypeError: NetworkError: Network request failed
JavaScript error: resource://services-settings/Utils.jsm, line 153: TypeError: NetworkError: Network request failed
1652314385301	geckodriver	INFO	Listening on 127.0.0.1:63506
1652314388470	mozrunner::runner	INFO	Running command: "C:\\Program Files\\Mozilla Firefox\\firefox.exe" "--marionette" "--remote-debugging-port" "63507" "-no-remote" "-profile" "C:\\Users\\eldor\\AppData\\Local\\Temp\\rust_mozprofilee0Jbny"
1652314389411	Marionette	INFO	Marionette enabled
console.warn: SearchSettings: "get: No settings file exists, new profile?" (new NotFoundError("Could not open the file at C:\\Users\\eldor\\AppData\\Local\\Temp\\rust_mozprofilee0Jbny\\search.json.mozlz4", (void 0)))
DevTools listening on ws://localhost:63507/devtools/browser/5aeb5187-899b-44fc-a036-6d9aa970e2e6
1652314394109	Marionette	INFO	Listening on port 63514
1652314394481	RemoteAgent	WARN	TLS certificate errors will be ignored for this session
console.warn: LoginRecipes: "getRecipes: falling back to a synchronous message for:" "https://www.saucedemo.com"
console.warn: LoginRecipes: "getRecipes: falling back to a synchronous message for:" "https://www.saucedemo.com"
JavaScript error: resource://gre/modules/LoginManagerParent.jsm, line 136: TypeError: gRecipeManager is null
1652314397563	Marionette	INFO	Stopped listening on port 63514

###!!! [Parent][PGPUParent] Error: RunMessage(msgname=PGPU::Msg_ShutdownVR) Channel closing: too late to send/recv, messages will be lost

1652314557646	geckodriver	INFO	Listening on 127.0.0.1:49762
1652314560744	mozrunner::runner	INFO	Running command: "C:\\Program Files\\Mozilla Firefox\\firefox.exe" "--marionette" "--remote-debugging-port" "49835" "-no-remote" "-profile" "C:\\Users\\eldor\\AppData\\Local\\Temp\\rust_mozprofilelYxSwT"
1652314561554	Marionette	INFO	Marionette enabled
console.warn: SearchSettings: "get: No settings file exists, new profile?" (new NotFoundError("Could not open the file at C:\\Users\\eldor\\AppData\\Local\\Temp\\rust_mozprofilelYxSwT\\search.json.mozlz4", (void 0)))
DevTools listening on ws://localhost:49835/devtools/browser/a02a9a30-7071-435b-a02e-b1491d358dec
1652314566998	Marionette	INFO	Listening on port 49843
1652314567085	RemoteAgent	WARN	TLS certificate errors will be ignored for this session
1652314568948	Marionette	INFO	Stopped listening on port 49843
JavaScript error: resource://services-settings/Utils.jsm, line 153: TypeError: NetworkError: Network request failed
JavaScript error: resource://services-settings/Utils.jsm, line 153: TypeError: NetworkError: Network request failed

###!!! [Child][PContentChild] Error: RunMessage(msgname=PHttpChannel::Msg_DeleteSelf) Channel closing: too late to send/recv, messages will be lost


###!!! [Child][PContentChild] Error: RunMessage(msgname=PHttpChannel::Msg_DeleteSelf) Channel closing: too late to send/recv, messages will be lost


###!!! [Child][PContentChild] Error: RunMessage(msgname=PHttpChannel::Msg_DeleteSelf) Channel closing: too late to send/recv, messages will be lost


###!!! [Child][PContentChild] Error: RunMessage(msgname=PHttpChannel::Msg_DeleteSelf) Channel closing: too late to send/recv, messages will be lost


###!!! [Child][PContentChild] Error: RunMessage(msgname=PHttpChannel::Msg_DeleteSelf) Channel closing: too late to send/recv, messages will be lost

1652314571216	geckodriver	INFO	Listening on 127.0.0.1:49899
1652314574284	mozrunner::runner	INFO	Running command: "C:\\Program Files\\Mozilla Firefox\\firefox.exe" "--marionette" "--remote-debugging-port" "49900" "-no-remote" "-profile" "C:\\Users\\eldor\\AppData\\Local\\Temp\\rust_mozprofileiQE30e"
1652314575179	Marionette	INFO	Marionette enabled
console.warn: SearchSettings: "get: No settings file exists, new profile?" (new NotFoundError("Could not open the file at C:\\Users\\eldor\\AppData\\Local\\Temp\\rust_mozprofileiQE30e\\search.json.mozlz4", (void 0)))
DevTools listening on ws://localhost:49900/devtools/browser/da30151b-b0d7-4670-9f45-0ffd198e3316
1652314580214	Marionette	INFO	Listening on port 49907
1652314580485	RemoteAgent	WARN	TLS certificate errors will be ignored for this session
console.warn: LoginRecipes: "getRecipes: falling back to a synchronous message for:" "https://www.saucedemo.com"
console.warn: LoginRecipes: "getRecipes: falling back to a synchronous message for:" "https://www.saucedemo.com"
JavaScript error: resource://gre/modules/LoginManagerParent.jsm, line 136: TypeError: gRecipeManager is null
1652314584082	Marionette	INFO	Stopped listening on port 49907
JavaScript error: resource://services-settings/Utils.jsm, line 153: TypeError: NetworkError: Network request failed
JavaScript error: resource://services-settings/Utils.jsm, line 153: TypeError: NetworkError: Network request failed

###!!! [Child][PContentChild] Error: RunMessage(msgname=PHttpChannel::Msg_DeleteSelf) Channel closing: too late to send/recv, messages will be lost


###!!! [Child][PContentChild] Error: RunMessage(msgname=PHttpChannel::Msg_DeleteSelf) Channel closing: too late to send/recv, messages will be lost


###!!! [Child][PContentChild] Error: RunMessage(msgname=PHttpChannel::Msg_DeleteSelf) Channel closing: too late to send/recv, messages will be lost


###!!! [Child][PContentChild] Error: RunMessage(msgname=PHttpChannel::Msg_DeleteSelf) Channel closing: too late to send/recv, messages will be lost


###!!! [Child][PContentChild] Error: RunMessage(msgname=PHttpChannel::Msg_DeleteSelf) Channel closing: too late to send/recv, messages will be lost


###!!! [Child][PContentChild] Error: RunMessage(msgname=PHttpChannel::Msg_DeleteSelf) Channel closing: too late to send/recv, messages will be lost


###!!! [Child][PContentChild] Error: RunMessage(msgname=PHttpChannel::Msg_DeleteSelf) Channel closing: too late to send/recv, messages will be lost


###!!! [Child][PContentChild] Error: RunMessage(msgname=PHttpChannel::Msg_DeleteSelf) Channel closing: too late to send/recv, messages will be lost

1652315852126	geckodriver	INFO	Listening on 127.0.0.1:51131
1652315855237	mozrunner::runner	INFO	Running command: "C:\\Program Files\\Mozilla Firefox\\firefox.exe" "--marionette" "--remote-debugging-port" "51132" "-no-remote" "-profile" "C:\\Users\\eldor\\AppData\\Local\\Temp\\rust_mozprofileS0CNvf"
1652315856918	Marionette	INFO	Marionette enabled
console.warn: SearchSettings: "get: No settings file exists, new profile?" (new NotFoundError("Could not open the file at C:\\Users\\eldor\\AppData\\Local\\Temp\\rust_mozprofileS0CNvf\\search.json.mozlz4", (void 0)))
DevTools listening on ws://localhost:51132/devtools/browser/ade9e038-2ea4-4c2a-a41c-1b2232991d92
1652315862949	Marionette	INFO	Listening on port 51139
console.error: Region.jsm: "Error fetching region" (new Error("TIMEOUT", "resource://gre/modules/Region.jsm", 772))
console.error: Region.jsm: "Failed to fetch region" (new Error("TIMEOUT", "resource://gre/modules/Region.jsm", 419))
1652315863287	RemoteAgent	WARN	TLS certificate errors will be ignored for this session
1652315866735	Marionette	INFO	Stopped listening on port 51139

###!!! [Parent][PGPUParent] Error: RunMessage(msgname=PGPU::Msg_ShutdownVR) Channel closing: too late to send/recv, messages will be lost

1652315868879	geckodriver	INFO	Listening on 127.0.0.1:51183
1652315871941	mozrunner::runner	INFO	Running command: "C:\\Program Files\\Mozilla Firefox\\firefox.exe" "--marionette" "--remote-debugging-port" "51184" "-no-remote" "-profile" "C:\\Users\\eldor\\AppData\\Local\\Temp\\rust_mozprofileBMx0IC"
1652315872701	Marionette	INFO	Marionette enabled
console.warn: SearchSettings: "get: No settings file exists, new profile?" (new NotFoundError("Could not open the file at C:\\Users\\eldor\\AppData\\Local\\Temp\\rust_mozprofileBMx0IC\\search.json.mozlz4", (void 0)))
DevTools listening on ws://localhost:51184/devtools/browser/c20b42f7-5c00-4040-9a37-211d98344526
1652315877048	Marionette	INFO	Listening on port 51191
1652315877300	RemoteAgent	WARN	TLS certificate errors will be ignored for this session
console.warn: LoginRecipes: "getRecipes: falling back to a synchronous message for:" "https://www.saucedemo.com"
console.warn: LoginRecipes: "getRecipes: falling back to a synchronous message for:" "https://www.saucedemo.com"
JavaScript error: resource://gre/modules/LoginManagerParent.jsm, line 136: TypeError: gRecipeManager is null
1652315880365	Marionette	INFO	Stopped listening on port 51191
JavaScript error: resource://services-settings/RemoteSettingsWorker.jsm, line 143: Error: Shutdown, aborting read-only worker requests.
1652448377716	geckodriver	INFO	Listening on 127.0.0.1:50758
1652448380789	mozrunner::runner	INFO	Running command: "C:\\Program Files\\Mozilla Firefox\\firefox.exe" "--marionette" "--remote-debugging-port" "50759" "-no-remote" "-profile" "C:\\Users\\eldor\\AppData\\Local\\Temp\\rust_mozprofileLxbjH6"
1652448381989	Marionette	INFO	Marionette enabled
console.warn: SearchSettings: "get: No settings file exists, new profile?" (new NotFoundError("Could not open the file at C:\\Users\\eldor\\AppData\\Local\\Temp\\rust_mozprofileLxbjH6\\search.json.mozlz4", (void 0)))
DevTools listening on ws://localhost:50759/devtools/browser/5601855d-86dd-4cd2-adf0-027c9eac66cf
1652448385312	Marionette	INFO	Listening on port 50772
1652448385582	RemoteAgent	WARN	TLS certificate errors will be ignored for this session
1652448386504	Marionette	INFO	Stopped listening on port 50772

###!!! [Child][PContentChild] Error: RunMessage(msgname=PHttpChannel::Msg_FailedAsyncOpen) Channel closing: too late to send/recv, messages will be lost

1652448387230	geckodriver	INFO	Listening on 127.0.0.1:50866
1652448390288	mozrunner::runner	INFO	Running command: "C:\\Program Files\\Mozilla Firefox\\firefox.exe" "--marionette" "--remote-debugging-port" "50867" "-no-remote" "-profile" "C:\\Users\\eldor\\AppData\\Local\\Temp\\rust_mozprofileidwF7V"
1652448390829	Marionette	INFO	Marionette enabled
console.warn: SearchSettings: "get: No settings file exists, new profile?" (new NotFoundError("Could not open the file at C:\\Users\\eldor\\AppData\\Local\\Temp\\rust_mozprofileidwF7V\\search.json.mozlz4", (void 0)))
DevTools listening on ws://localhost:50867/devtools/browser/f0f785c6-648d-469f-b556-981a4cd0f1f1
1652448392630	Marionette	INFO	Listening on port 50964
1652448392959	RemoteAgent	WARN	TLS certificate errors will be ignored for this session
console.warn: LoginRecipes: "getRecipes: falling back to a synchronous message for:" "https://www.saucedemo.com"
console.warn: LoginRecipes: "getRecipes: falling back to a synchronous message for:" "https://www.saucedemo.com"
JavaScript error: resource://gre/modules/LoginManagerParent.jsm, line 136: TypeError: gRecipeManager is null
1652448394205	Marionette	INFO	Stopped listening on port 50964
1652448394948	geckodriver	INFO	Listening on 127.0.0.1:51071
1652448398013	mozrunner::runner	INFO	Running command: "C:\\Program Files\\Mozilla Firefox\\firefox.exe" "--marionette" "--remote-debugging-port" "51072" "-no-remote" "-profile" "C:\\Users\\eldor\\AppData\\Local\\Temp\\rust_mozprofileHxsnWq"
1652448398400	Marionette	INFO	Marionette enabled
console.warn: SearchSettings: "get: No settings file exists, new profile?" (new NotFoundError("Could not open the file at C:\\Users\\eldor\\AppData\\Local\\Temp\\rust_mozprofileHxsnWq\\search.json.mozlz4", (void 0)))
DevTools listening on ws://localhost:51072/devtools/browser/2310d617-907c-4a88-82b4-3da74635b6e9
1652448399994	Marionette	INFO	Listening on port 51089
1652448400083	RemoteAgent	WARN	TLS certificate errors will be ignored for this session
1652448400869	Marionette	INFO	Stopped listening on port 51089

###!!! [Child][PContentChild] Error: RunMessage(msgname=PHttpChannel::Msg_DeleteSelf) Channel closing: too late to send/recv, messages will be lost

1652448401551	geckodriver	INFO	Listening on 127.0.0.1:51144
1652448404626	mozrunner::runner	INFO	Running command: "C:\\Program Files\\Mozilla Firefox\\firefox.exe" "--marionette" "--remote-debugging-port" "51145" "-no-remote" "-profile" "C:\\Users\\eldor\\AppData\\Local\\Temp\\rust_mozprofile4XGZg1"
1652448404929	Marionette	INFO	Marionette enabled
console.warn: SearchSettings: "get: No settings file exists, new profile?" (new NotFoundError("Could not open the file at C:\\Users\\eldor\\AppData\\Local\\Temp\\rust_mozprofile4XGZg1\\search.json.mozlz4", (void 0)))
DevTools listening on ws://localhost:51145/devtools/browser/c469391f-086e-4ea7-8b8e-a264d12632ed
1652448406481	Marionette	INFO	Listening on port 51154
1652448406682	RemoteAgent	WARN	TLS certificate errors will be ignored for this session
1652448407549	Marionette	INFO	Stopped listening on port 51154
JavaScript error: resource://gre/modules/TerminatorTelemetry.jsm, line 71: AbortError: IOUtils: Shutting down and refusing additional I/O tasks
1652448691541	geckodriver	INFO	Listening on 127.0.0.1:53872
1652448694610	mozrunner::runner	INFO	Running command: "C:\\Program Files\\Mozilla Firefox\\firefox.exe" "--marionette" "--remote-debugging-port" "53873" "-no-remote" "-profile" "C:\\Users\\eldor\\AppData\\Local\\Temp\\rust_mozprofileeVmHcX"
1652448695017	Marionette	INFO	Marionette enabled
console.warn: SearchSettings: "get: No settings file exists, new profile?" (new NotFoundError("Could not open the file at C:\\Users\\eldor\\AppData\\Local\\Temp\\rust_mozprofileeVmHcX\\search.json.mozlz4", (void 0)))
DevTools listening on ws://localhost:53873/devtools/browser/d69e4f08-ae8e-4e9a-abd4-aaf202ed6e0e
1652448697181	Marionette	INFO	Listening on port 53880
1652448697296	RemoteAgent	WARN	TLS certificate errors will be ignored for this session
console.warn: LoginRecipes: "getRecipes: falling back to a synchronous message for:" "https://www.saucedemo.com"
console.warn: LoginRecipes: "getRecipes: falling back to a synchronous message for:" "https://www.saucedemo.com"
JavaScript error: resource://gre/modules/LoginManagerParent.jsm, line 136: TypeError: gRecipeManager is null
1652448698826	Marionette	INFO	Stopped listening on port 53880
JavaScript error: resource://gre/modules/UrlClassifierListManager.jsm, line 691: TypeError: this.tablesData[table] is undefined

###!!! [Parent][PGPUParent] Error: RunMessage(msgname=PGPU::Msg_ShutdownVR) Channel closing: too late to send/recv, messages will be lost

1652448917193	geckodriver	INFO	Listening on 127.0.0.1:60228
1652448920261	mozrunner::runner	INFO	Running command: "C:\\Program Files\\Mozilla Firefox\\firefox.exe" "--marionette" "--remote-debugging-port" "60229" "-no-remote" "-profile" "C:\\Users\\eldor\\AppData\\Local\\Temp\\rust_mozprofileoBW4wE"
1652448920752	Marionette	INFO	Marionette enabled
console.warn: SearchSettings: "get: No settings file exists, new profile?" (new NotFoundError("Could not open the file at C:\\Users\\eldor\\AppData\\Local\\Temp\\rust_mozprofileoBW4wE\\search.json.mozlz4", (void 0)))
DevTools listening on ws://localhost:60229/devtools/browser/eaacefe5-0ae6-47c8-9633-7f3b5eb4811e
1652448922813	Marionette	INFO	Listening on port 60239
1652448922939	RemoteAgent	WARN	TLS certificate errors will be ignored for this session
1652448923814	Marionette	INFO	Stopped listening on port 60239
1652448924511	geckodriver	INFO	Listening on 127.0.0.1:60290
1652448927569	mozrunner::runner	INFO	Running command: "C:\\Program Files\\Mozilla Firefox\\firefox.exe" "--marionette" "--remote-debugging-port" "60291" "-no-remote" "-profile" "C:\\Users\\eldor\\AppData\\Local\\Temp\\rust_mozprofileJydP0N"
1652448927884	Marionette	INFO	Marionette enabled
console.warn: SearchSettings: "get: No settings file exists, new profile?" (new NotFoundError("Could not open the file at C:\\Users\\eldor\\AppData\\Local\\Temp\\rust_mozprofileJydP0N\\search.json.mozlz4", (void 0)))
DevTools listening on ws://localhost:60291/devtools/browser/e7f096fa-496d-41ab-882a-6a8e82831dfb
1652448929445	Marionette	INFO	Listening on port 60299
1652448929632	RemoteAgent	WARN	TLS certificate errors will be ignored for this session
console.warn: LoginRecipes: "getRecipes: falling back to a synchronous message for:" "https://www.saucedemo.com"
console.warn: LoginRecipes: "getRecipes: falling back to a synchronous message for:" "https://www.saucedemo.com"
JavaScript error: resource://gre/modules/LoginManagerParent.jsm, line 136: TypeError: gRecipeManager is null
1652448930792	Marionette	INFO	Stopped listening on port 60299
1652448931526	geckodriver	INFO	Listening on 127.0.0.1:60353
1652448934602	mozrunner::runner	INFO	Running command: "C:\\Program Files\\Mozilla Firefox\\firefox.exe" "--marionette" "--remote-debugging-port" "60354" "-no-remote" "-profile" "C:\\Users\\eldor\\AppData\\Local\\Temp\\rust_mozprofileQzCPkj"
1652448934911	Marionette	INFO	Marionette enabled
console.warn: SearchSettings: "get: No settings file exists, new profile?" (new NotFoundError("Could not open the file at C:\\Users\\eldor\\AppData\\Local\\Temp\\rust_mozprofileQzCPkj\\search.json.mozlz4", (void 0)))
DevTools listening on ws://localhost:60354/devtools/browser/40a84e04-c8a1-49d0-a0dc-2416834e330c
1652448936534	Marionette	INFO	Listening on port 60362
1652448936660	RemoteAgent	WARN	TLS certificate errors will be ignored for this session
console.warn: LoginRecipes: "getRecipes: falling back to a synchronous message for:" "https://www.saucedemo.com"
console.warn: LoginRecipes: "getRecipes: falling back to a synchronous message for:" "https://www.saucedemo.com"
JavaScript error: resource://gre/modules/LoginManagerParent.jsm, line 136: TypeError: gRecipeManager is null
1652448938106	Marionette	INFO	Stopped listening on port 60362
1652449188577	geckodriver	INFO	Listening on 127.0.0.1:57146
1652449191649	mozrunner::runner	INFO	Running command: "C:\\Program Files\\Mozilla Firefox\\firefox.exe" "--marionette" "--remote-debugging-port" "57147" "-no-remote" "-profile" "C:\\Users\\eldor\\AppData\\Local\\Temp\\rust_mozprofileWpjEV2"
1652449192086	Marionette	INFO	Marionette enabled
console.warn: SearchSettings: "get: No settings file exists, new profile?" (new NotFoundError("Could not open the file at C:\\Users\\eldor\\AppData\\Local\\Temp\\rust_mozprofileWpjEV2\\search.json.mozlz4", (void 0)))
DevTools listening on ws://localhost:57147/devtools/browser/c03e9a8d-7beb-419c-a0b1-a1ec67c909b7
1652449193800	Marionette	INFO	Listening on port 57155
1652449193831	RemoteAgent	WARN	TLS certificate errors will be ignored for this session
1652449194642	Marionette	INFO	Stopped listening on port 57155
JavaScript error: resource://services-settings/Utils.jsm, line 153: TypeError: NetworkError: Network request failed
JavaScript error: resource://services-settings/Utils.jsm, line 153: TypeError: NetworkError: Network request failed
1652449195334	geckodriver	INFO	Listening on 127.0.0.1:57198
1652449198394	mozrunner::runner	INFO	Running command: "C:\\Program Files\\Mozilla Firefox\\firefox.exe" "--marionette" "--remote-debugging-port" "57199" "-no-remote" "-profile" "C:\\Users\\eldor\\AppData\\Local\\Temp\\rust_mozprofiled3rjf6"
1652449198767	Marionette	INFO	Marionette enabled
console.warn: SearchSettings: "get: No settings file exists, new profile?" (new NotFoundError("Could not open the file at C:\\Users\\eldor\\AppData\\Local\\Temp\\rust_mozprofiled3rjf6\\search.json.mozlz4", (void 0)))
DevTools listening on ws://localhost:57199/devtools/browser/b29b4ed4-b12b-456a-973a-5f0176541a32
1652449200540	Marionette	INFO	Listening on port 57208
1652449201065	RemoteAgent	WARN	TLS certificate errors will be ignored for this session
1652449201771	Marionette	INFO	Stopped listening on port 57208

###!!! [Child][PContentChild] Error: Send(msgname=PNecko::Msg_RemoveRequestContext) Channel closing: too late to send/recv, messages will be lost

1652449202559	geckodriver	INFO	Listening on 127.0.0.1:57260
1652449205612	mozrunner::runner	INFO	Running command: "C:\\Program Files\\Mozilla Firefox\\firefox.exe" "--marionette" "--remote-debugging-port" "57261" "-no-remote" "-profile" "C:\\Users\\eldor\\AppData\\Local\\Temp\\rust_mozprofileWyTdXE"
1652449206053	Marionette	INFO	Marionette enabled
console.warn: SearchSettings: "get: No settings file exists, new profile?" (new NotFoundError("Could not open the file at C:\\Users\\eldor\\AppData\\Local\\Temp\\rust_mozprofileWyTdXE\\search.json.mozlz4", (void 0)))
DevTools listening on ws://localhost:57261/devtools/browser/8dbdd8d4-146b-412d-b182-5fbf2b6d9347
1652449207570	Marionette	INFO	Listening on port 57270
1652449207675	RemoteAgent	WARN	TLS certificate errors will be ignored for this session
1652449208363	Marionette	INFO	Stopped listening on port 57270
JavaScript error: resource://services-settings/Utils.jsm, line 153: TypeError: NetworkError: Network request failed

###!!! [Parent][PGPUParent] Error: RunMessage(msgname=PGPU::Msg_ShutdownVR) Channel closing: too late to send/recv, messages will be lost

1652449276228	geckodriver	INFO	Listening on 127.0.0.1:57542
1652449279292	mozrunner::runner	INFO	Running command: "C:\\Program Files\\Mozilla Firefox\\firefox.exe" "--marionette" "--remote-debugging-port" "57543" "-no-remote" "-profile" "C:\\Users\\eldor\\AppData\\Local\\Temp\\rust_mozprofileoKhEcK"
1652449279642	Marionette	INFO	Marionette enabled
console.warn: SearchSettings: "get: No settings file exists, new profile?" (new NotFoundError("Could not open the file at C:\\Users\\eldor\\AppData\\Local\\Temp\\rust_mozprofileoKhEcK\\search.json.mozlz4", (void 0)))
DevTools listening on ws://localhost:57543/devtools/browser/00fe388c-c88a-44e0-87a8-adce06ba6841
1652449281148	Marionette	INFO	Listening on port 57550
1652449281350	RemoteAgent	WARN	TLS certificate errors will be ignored for this session
1652449282138	Marionette	INFO	Stopped listening on port 57550

###!!! [Child][PContentChild] Error: Send(msgname=PHttpChannel::Msg_Cancel) Channel closing: too late to send/recv, messages will be lost


###!!! [Child][PContentChild] Error: Send(msgname=PHttpChannel::Msg_Cancel) Channel closing: too late to send/recv, messages will be lost


###!!! [Child][PContentChild] Error: Send(msgname=PHttpChannel::Msg_Cancel) Channel closing: too late to send/recv, messages will be lost


###!!! [Child][PContentChild] Error: Send(msgname=PHttpChannel::Msg_Cancel) Channel closing: too late to send/recv, messages will be lost


###!!! [Child][PContentChild] Error: Send(msgname=PHttpChannel::Msg_Cancel) Channel closing: too late to send/recv, messages will be lost


###!!! [Child][PContentChild] Error: Send(msgname=PHttpChannel::Msg_Cancel) Channel closing: too late to send/recv, messages will be lost


###!!! [Child][PContentChild] Error: Send(msgname=PHttpChannel::Msg_Cancel) Channel closing: too late to send/recv, messages will be lost


###!!! [Child][PContentChild] Error: Send(msgname=PHttpChannel::Msg_Cancel) Channel closing: too late to send/recv, messages will be lost


###!!! [Child][PContentChild] Error: Send(msgname=PHttpChannel::Msg_Cancel) Channel closing: too late to send/recv, messages will be lost


###!!! [Child][PContentChild] Error: Send(msgname=PHttpChannel::Msg_Cancel) Channel closing: too late to send/recv, messages will be lost


###!!! [Child][PContentChild] Error: Send(msgname=PHttpChannel::Msg_Cancel) Channel closing: too late to send/recv, messages will be lost


###!!! [Child][PContentChild] Error: Send(msgname=PHttpChannel::Msg_Cancel) Channel closing: too late to send/recv, messages will be lost


###!!! [Child][PContentChild] Error: Send(msgname=PHttpChannel::Msg_Cancel) Channel closing: too late to send/recv, messages will be lost


###!!! [Parent][PGPUParent] Error: RunMessage(msgname=PGPU::Msg_ShutdownVR) Channel closing: too late to send/recv, messages will be lost

1652449282826	geckodriver	INFO	Listening on 127.0.0.1:57596
1652449285883	mozrunner::runner	INFO	Running command: "C:\\Program Files\\Mozilla Firefox\\firefox.exe" "--marionette" "--remote-debugging-port" "57597" "-no-remote" "-profile" "C:\\Users\\eldor\\AppData\\Local\\Temp\\rust_mozprofileYeEgRg"
1652449286255	Marionette	INFO	Marionette enabled
console.warn: SearchSettings: "get: No settings file exists, new profile?" (new NotFoundError("Could not open the file at C:\\Users\\eldor\\AppData\\Local\\Temp\\rust_mozprofileYeEgRg\\search.json.mozlz4", (void 0)))
DevTools listening on ws://localhost:57597/devtools/browser/11bf9d99-9df7-4163-92b1-668f3d96ea27
1652449287793	Marionette	INFO	Listening on port 57607
1652449287944	RemoteAgent	WARN	TLS certificate errors will be ignored for this session
console.warn: LoginRecipes: "getRecipes: falling back to a synchronous message for:" "https://www.saucedemo.com"
console.warn: LoginRecipes: "getRecipes: falling back to a synchronous message for:" "https://www.saucedemo.com"
JavaScript error: resource://gre/modules/LoginManagerParent.jsm, line 136: TypeError: gRecipeManager is null
1652449289007	Marionette	INFO	Stopped listening on port 57607
JavaScript error: resource://gre/modules/TerminatorTelemetry.jsm, line 71: AbortError: IOUtils: Shutting down and refusing additional I/O tasks
1652449289737	geckodriver	INFO	Listening on 127.0.0.1:57655
1652449292794	mozrunner::runner	INFO	Running command: "C:\\Program Files\\Mozilla Firefox\\firefox.exe" "--marionette" "--remote-debugging-port" "57656" "-no-remote" "-profile" "C:\\Users\\eldor\\AppData\\Local\\Temp\\rust_mozprofileUjZbPb"
1652449293172	Marionette	INFO	Marionette enabled
console.warn: SearchSettings: "get: No settings file exists, new profile?" (new NotFoundError("Could not open the file at C:\\Users\\eldor\\AppData\\Local\\Temp\\rust_mozprofileUjZbPb\\search.json.mozlz4", (void 0)))
DevTools listening on ws://localhost:57656/devtools/browser/13902257-2755-4991-b2d2-17dae3512ba5
1652449294686	Marionette	INFO	Listening on port 57665
1652449294850	RemoteAgent	WARN	TLS certificate errors will be ignored for this session
console.warn: LoginRecipes: "getRecipes: falling back to a synchronous message for:" "https://www.saucedemo.com"
console.warn: LoginRecipes: "getRecipes: falling back to a synchronous message for:" "https://www.saucedemo.com"
JavaScript error: resource://gre/modules/LoginManagerParent.jsm, line 136: TypeError: gRecipeManager is null
1652449296133	Marionette	INFO	Stopped listening on port 57665

###!!! [Parent][PGPUParent] Error: RunMessage(msgname=PGPU::Msg_ShutdownVR) Channel closing: too late to send/recv, messages will be lost

1652575696527	geckodriver	INFO	Listening on 127.0.0.1:63480
1652575699594	mozrunner::runner	INFO	Running command: "C:\\Program Files\\Mozilla Firefox\\firefox.exe" "--marionette" "--remote-debugging-port" "63481" "-no-remote" "-profile" "C:\\Users\\eldor\\AppData\\Local\\Temp\\rust_mozprofilegpyjfn"
1652575700071	Marionette	INFO	Marionette enabled
console.warn: SearchSettings: "get: No settings file exists, new profile?" (new NotFoundError("Could not open the file at C:\\Users\\eldor\\AppData\\Local\\Temp\\rust_mozprofilegpyjfn\\search.json.mozlz4", (void 0)))
DevTools listening on ws://localhost:63481/devtools/browser/2bcfbe1a-8f23-4c8b-8a34-0e334a8a0ed8
1652575702570	Marionette	INFO	Listening on port 63490
1652575702779	RemoteAgent	WARN	TLS certificate errors will be ignored for this session
1652575704161	Marionette	INFO	Stopped listening on port 63490
1652575705213	geckodriver	INFO	Listening on 127.0.0.1:63544
1652575708656	mozrunner::runner	INFO	Running command: "C:\\Program Files\\Mozilla Firefox\\firefox.exe" "--marionette" "--remote-debugging-port" "63545" "-no-remote" "-profile" "C:\\Users\\eldor\\AppData\\Local\\Temp\\rust_mozprofileZLCvT5"
1652575709267	Marionette	INFO	Marionette enabled
console.warn: SearchSettings: "get: No settings file exists, new profile?" (new NotFoundError("Could not open the file at C:\\Users\\eldor\\AppData\\Local\\Temp\\rust_mozprofileZLCvT5\\search.json.mozlz4", (void 0)))
DevTools listening on ws://localhost:63545/devtools/browser/73ff5b4f-ef27-498f-834c-d59e533a9ae2
1652575711873	Marionette	INFO	Listening on port 63553
1652575712376	RemoteAgent	WARN	TLS certificate errors will be ignored for this session
console.warn: LoginRecipes: "getRecipes: falling back to a synchronous message for:" "https://www.saucedemo.com"
console.warn: LoginRecipes: "getRecipes: falling back to a synchronous message for:" "https://www.saucedemo.com"
JavaScript error: resource://gre/modules/LoginManagerParent.jsm, line 136: TypeError: gRecipeManager is null
1652575713941	Marionette	INFO	Stopped listening on port 63553
1652575715021	geckodriver	INFO	Listening on 127.0.0.1:63606
1652575718327	mozrunner::runner	INFO	Running command: "C:\\Program Files\\Mozilla Firefox\\firefox.exe" "--marionette" "--remote-debugging-port" "63607" "-no-remote" "-profile" "C:\\Users\\eldor\\AppData\\Local\\Temp\\rust_mozprofileMxUsLN"
1652575718828	Marionette	INFO	Marionette enabled
console.warn: SearchSettings: "get: No settings file exists, new profile?" (new NotFoundError("Could not open the file at C:\\Users\\eldor\\AppData\\Local\\Temp\\rust_mozprofileMxUsLN\\search.json.mozlz4", (void 0)))
DevTools listening on ws://localhost:63607/devtools/browser/3f1cfb51-1952-4132-8195-78d2266c3faf
1652575721428	Marionette	INFO	Listening on port 63614
1652575721853	RemoteAgent	WARN	TLS certificate errors will be ignored for this session
console.warn: LoginRecipes: "getRecipes: falling back to a synchronous message for:" "https://www.saucedemo.com"
console.warn: LoginRecipes: "getRecipes: falling back to a synchronous message for:" "https://www.saucedemo.com"
JavaScript error: resource://gre/modules/LoginManagerParent.jsm, line 136: TypeError: gRecipeManager is null
1652575723682	Marionette	INFO	Stopped listening on port 63614
1652748960305	geckodriver	INFO	Listening on 127.0.0.1:60229
1652748963373	mozrunner::runner	INFO	Running command: "C:\\Program Files\\Mozilla Firefox\\firefox.exe" "--marionette" "--remote-debugging-port" "60230" "-no-remote" "-profile" "C:\\Users\\eldor\\AppData\\Local\\Temp\\rust_mozprofilelZkNZM"
1652748964371	Marionette	INFO	Marionette enabled
console.warn: SearchSettings: "get: No settings file exists, new profile?" (new NotFoundError("Could not open the file at C:\\Users\\eldor\\AppData\\Local\\Temp\\rust_mozprofilelZkNZM\\search.json.mozlz4", (void 0)))
DevTools listening on ws://localhost:60230/devtools/browser/04a00529-3f33-4a52-a405-1c195d65456d
1652748967536	Marionette	INFO	Listening on port 60241
1652748967785	RemoteAgent	WARN	TLS certificate errors will be ignored for this session
1652748969094	Marionette	INFO	Stopped listening on port 60241
JavaScript error: resource://services-settings/Utils.jsm, line 153: TypeError: NetworkError: Network request failed
JavaScript error: resource://services-settings/Utils.jsm, line 153: TypeError: NetworkError: Network request failed
1652748970161	geckodriver	INFO	Listening on 127.0.0.1:60288
1652748973229	mozrunner::runner	INFO	Running command: "C:\\Program Files\\Mozilla Firefox\\firefox.exe" "--marionette" "--remote-debugging-port" "60289" "-no-remote" "-profile" "C:\\Users\\eldor\\AppData\\Local\\Temp\\rust_mozprofileKW1iPk"
1652748973756	Marionette	INFO	Marionette enabled
console.warn: SearchSettings: "get: No settings file exists, new profile?" (new NotFoundError("Could not open the file at C:\\Users\\eldor\\AppData\\Local\\Temp\\rust_mozprofileKW1iPk\\search.json.mozlz4", (void 0)))
DevTools listening on ws://localhost:60289/devtools/browser/228a2ea3-5438-4e51-ac74-e48f95c31439
1652748976812	Marionette	INFO	Listening on port 60295
1652748976940	RemoteAgent	WARN	TLS certificate errors will be ignored for this session
console.warn: LoginRecipes: "getRecipes: falling back to a synchronous message for:" "https://www.saucedemo.com"
console.warn: LoginRecipes: "getRecipes: falling back to a synchronous message for:" "https://www.saucedemo.com"
JavaScript error: resource://gre/modules/LoginManagerParent.jsm, line 136: TypeError: gRecipeManager is null
1652748978890	Marionette	INFO	Stopped listening on port 60295
1652748980335	geckodriver	INFO	Listening on 127.0.0.1:60343
1652748983657	mozrunner::runner	INFO	Running command: "C:\\Program Files\\Mozilla Firefox\\firefox.exe" "--marionette" "--remote-debugging-port" "60344" "-no-remote" "-profile" "C:\\Users\\eldor\\AppData\\Local\\Temp\\rust_mozprofilepV7sty"
1652748984070	Marionette	INFO	Marionette enabled
console.warn: SearchSettings: "get: No settings file exists, new profile?" (new NotFoundError("Could not open the file at C:\\Users\\eldor\\AppData\\Local\\Temp\\rust_mozprofilepV7sty\\search.json.mozlz4", (void 0)))
DevTools listening on ws://localhost:60344/devtools/browser/3cde05d4-fd04-4df6-a7c1-869441ce0491
1652748986802	Marionette	INFO	Listening on port 60350
1652748986856	RemoteAgent	WARN	TLS certificate errors will be ignored for this session
console.warn: LoginRecipes: "getRecipes: falling back to a synchronous message for:" "https://www.saucedemo.com"
console.warn: LoginRecipes: "getRecipes: falling back to a synchronous message for:" "https://www.saucedemo.com"
JavaScript error: resource://gre/modules/LoginManagerParent.jsm, line 136: TypeError: gRecipeManager is null
1652748989344	Marionette	INFO	Stopped listening on port 60350
1652751503275	geckodriver	INFO	Listening on 127.0.0.1:59031
1652751506384	mozrunner::runner	INFO	Running command: "C:\\Program Files\\Mozilla Firefox\\firefox.exe" "--marionette" "--remote-debugging-port" "59032" "-no-remote" "-profile" "C:\\Users\\eldor\\AppData\\Local\\Temp\\rust_mozprofile6cmoq1"
1652751507034	Marionette	INFO	Marionette enabled
console.warn: SearchSettings: "get: No settings file exists, new profile?" (new NotFoundError("Could not open the file at C:\\Users\\eldor\\AppData\\Local\\Temp\\rust_mozprofile6cmoq1\\search.json.mozlz4", (void 0)))
DevTools listening on ws://localhost:59032/devtools/browser/e2e4ebd7-adf1-4872-8015-898d2e1ff7ee
1652751508847	Marionette	INFO	Listening on port 59039
1652751509072	RemoteAgent	WARN	TLS certificate errors will be ignored for this session
1652751509906	Marionette	INFO	Stopped listening on port 59039
JavaScript error: resource://services-settings/Utils.jsm, line 153: TypeError: NetworkError: Network request failed
JavaScript error: resource://services-settings/Utils.jsm, line 153: TypeError: NetworkError: Network request failed

###!!! [Child][PContentChild] Error: RunMessage(msgname=PHttpChannel::Msg_DeleteSelf) Channel closing: too late to send/recv, messages will be lost


###!!! [Child][PContentChild] Error: RunMessage(msgname=PHttpChannel::Msg_DeleteSelf) Channel closing: too late to send/recv, messages will be lost


###!!! [Child][PContentChild] Error: RunMessage(msgname=PHttpChannel::Msg_DeleteSelf) Channel closing: too late to send/recv, messages will be lost


###!!! [Child][PContentChild] Error: RunMessage(msgname=PHttpChannel::Msg_DeleteSelf) Channel closing: too late to send/recv, messages will be lost


###!!! [Child][PContentChild] Error: RunMessage(msgname=PHttpChannel::Msg_DeleteSelf) Channel closing: too late to send/recv, messages will be lost


###!!! [Child][PContentChild] Error: RunMessage(msgname=PHttpChannel::Msg_DeleteSelf) Channel closing: too late to send/recv, messages will be lost


###!!! [Child][PContentChild] Error: RunMessage(msgname=PHttpChannel::Msg_DeleteSelf) Channel closing: too late to send/recv, messages will be lost


###!!! [Child][PContentChild] Error: RunMessage(msgname=PHttpChannel::Msg_DeleteSelf) Channel closing: too late to send/recv, messages will be lost

1652751510585	geckodriver	INFO	Listening on 127.0.0.1:59084
1652751513659	mozrunner::runner	INFO	Running command: "C:\\Program Files\\Mozilla Firefox\\firefox.exe" "--marionette" "--remote-debugging-port" "59085" "-no-remote" "-profile" "C:\\Users\\eldor\\AppData\\Local\\Temp\\rust_mozprofileS0OM0T"
1652751513998	Marionette	INFO	Marionette enabled
console.warn: SearchSettings: "get: No settings file exists, new profile?" (new NotFoundError("Could not open the file at C:\\Users\\eldor\\AppData\\Local\\Temp\\rust_mozprofileS0OM0T\\search.json.mozlz4", (void 0)))
DevTools listening on ws://localhost:59085/devtools/browser/6b4d5d83-4523-4df4-8fe9-0977967d60e2
1652751515513	Marionette	INFO	Listening on port 59092
1652751515723	RemoteAgent	WARN	TLS certificate errors will be ignored for this session
console.warn: LoginRecipes: "getRecipes: falling back to a synchronous message for:" "https://www.saucedemo.com"
console.warn: LoginRecipes: "getRecipes: falling back to a synchronous message for:" "https://www.saucedemo.com"
JavaScript error: resource://gre/modules/LoginManagerParent.jsm, line 136: TypeError: gRecipeManager is null
1652751516868	Marionette	INFO	Stopped listening on port 59092
1652751517596	geckodriver	INFO	Listening on 127.0.0.1:59147
1652751520648	mozrunner::runner	INFO	Running command: "C:\\Program Files\\Mozilla Firefox\\firefox.exe" "--marionette" "--remote-debugging-port" "59148" "-no-remote" "-profile" "C:\\Users\\eldor\\AppData\\Local\\Temp\\rust_mozprofileoWKpuc"
1652751520973	Marionette	INFO	Marionette enabled
console.warn: SearchSettings: "get: No settings file exists, new profile?" (new NotFoundError("Could not open the file at C:\\Users\\eldor\\AppData\\Local\\Temp\\rust_mozprofileoWKpuc\\search.json.mozlz4", (void 0)))
DevTools listening on ws://localhost:59148/devtools/browser/4779c112-85c9-4b3a-9521-a4288b312680
1652751522507	Marionette	INFO	Listening on port 59155
1652751522707	RemoteAgent	WARN	TLS certificate errors will be ignored for this session
console.warn: LoginRecipes: "getRecipes: falling back to a synchronous message for:" "https://www.saucedemo.com"
console.warn: LoginRecipes: "getRecipes: falling back to a synchronous message for:" "https://www.saucedemo.com"
JavaScript error: resource://gre/modules/LoginManagerParent.jsm, line 136: TypeError: gRecipeManager is null
1652751524043	Marionette	INFO	Stopped listening on port 59155
1652751524801	geckodriver	INFO	Listening on 127.0.0.1:59210
1652751527868	mozrunner::runner	INFO	Running command: "C:\\Program Files\\Mozilla Firefox\\firefox.exe" "--marionette" "--remote-debugging-port" "59211" "-no-remote" "-profile" "C:\\Users\\eldor\\AppData\\Local\\Temp\\rust_mozprofileSEhh17"
1652751528204	Marionette	INFO	Marionette enabled
console.warn: SearchSettings: "get: No settings file exists, new profile?" (new NotFoundError("Could not open the file at C:\\Users\\eldor\\AppData\\Local\\Temp\\rust_mozprofileSEhh17\\search.json.mozlz4", (void 0)))
DevTools listening on ws://localhost:59211/devtools/browser/f3460d54-03d0-4335-8caf-51cb155da02c
1652751529685	Marionette	INFO	Listening on port 59218
1652751529931	RemoteAgent	WARN	TLS certificate errors will be ignored for this session
console.warn: LoginRecipes: "getRecipes: falling back to a synchronous message for:" "https://www.saucedemo.com"
console.warn: LoginRecipes: "getRecipes: falling back to a synchronous message for:" "https://www.saucedemo.com"
JavaScript error: resource://gre/modules/LoginManagerParent.jsm, line 136: TypeError: gRecipeManager is null
1652751531387	Marionette	INFO	Stopped listening on port 59218

###!!! [Parent][PGPUParent] Error: RunMessage(msgname=PGPU::Msg_ShutdownVR) Channel closing: too late to send/recv, messages will be lost

1652752443056	geckodriver	INFO	Listening on 127.0.0.1:51678
1652752446156	mozrunner::runner	INFO	Running command: "C:\\Program Files\\Mozilla Firefox\\firefox.exe" "--marionette" "--remote-debugging-port" "51679" "-no-remote" "-profile" "C:\\Users\\eldor\\AppData\\Local\\Temp\\rust_mozprofileyMmxyB"
1652752446786	Marionette	INFO	Marionette enabled
console.warn: SearchSettings: "get: No settings file exists, new profile?" (new NotFoundError("Could not open the file at C:\\Users\\eldor\\AppData\\Local\\Temp\\rust_mozprofileyMmxyB\\search.json.mozlz4", (void 0)))
DevTools listening on ws://localhost:51679/devtools/browser/fad8ac70-3020-49d0-96be-1b9c082ba0d3
1652752448606	Marionette	INFO	Listening on port 51686
1652752448853	RemoteAgent	WARN	TLS certificate errors will be ignored for this session
1652752449572	Marionette	INFO	Stopped listening on port 51686
JavaScript error: resource://gre/modules/TerminatorTelemetry.jsm, line 71: AbortError: IOUtils: Shutting down and refusing additional I/O tasks
1652752450172	geckodriver	INFO	Listening on 127.0.0.1:51730
1652752453236	mozrunner::runner	INFO	Running command: "C:\\Program Files\\Mozilla Firefox\\firefox.exe" "--marionette" "--remote-debugging-port" "51731" "-no-remote" "-profile" "C:\\Users\\eldor\\AppData\\Local\\Temp\\rust_mozprofileBPVF7D"
1652752453570	Marionette	INFO	Marionette enabled
console.warn: SearchSettings: "get: No settings file exists, new profile?" (new NotFoundError("Could not open the file at C:\\Users\\eldor\\AppData\\Local\\Temp\\rust_mozprofileBPVF7D\\search.json.mozlz4", (void 0)))
DevTools listening on ws://localhost:51731/devtools/browser/2577bed4-1545-421a-b2d9-485ba3b1b923
1652752455188	Marionette	INFO	Listening on port 51738
1652752455301	RemoteAgent	WARN	TLS certificate errors will be ignored for this session
console.warn: LoginRecipes: "getRecipes: falling back to a synchronous message for:" "https://www.saucedemo.com"
console.warn: LoginRecipes: "getRecipes: falling back to a synchronous message for:" "https://www.saucedemo.com"
JavaScript error: resource://gre/modules/LoginManagerParent.jsm, line 136: TypeError: gRecipeManager is null
1652752456534	Marionette	INFO	Stopped listening on port 51738
1652752457270	geckodriver	INFO	Listening on 127.0.0.1:51788
1652752460329	mozrunner::runner	INFO	Running command: "C:\\Program Files\\Mozilla Firefox\\firefox.exe" "--marionette" "--remote-debugging-port" "51789" "-no-remote" "-profile" "C:\\Users\\eldor\\AppData\\Local\\Temp\\rust_mozprofileDcaL63"
1652752460689	Marionette	INFO	Marionette enabled
console.warn: SearchSettings: "get: No settings file exists, new profile?" (new NotFoundError("Could not open the file at C:\\Users\\eldor\\AppData\\Local\\Temp\\rust_mozprofileDcaL63\\search.json.mozlz4", (void 0)))
DevTools listening on ws://localhost:51789/devtools/browser/409d6bb7-844b-405c-b5ce-64a420ea9db3
1652752462274	Marionette	INFO	Listening on port 51797
1652752462404	RemoteAgent	WARN	TLS certificate errors will be ignored for this session
console.warn: LoginRecipes: "getRecipes: falling back to a synchronous message for:" "https://www.saucedemo.com"
console.warn: LoginRecipes: "getRecipes: falling back to a synchronous message for:" "https://www.saucedemo.com"
JavaScript error: resource://gre/modules/LoginManagerParent.jsm, line 136: TypeError: gRecipeManager is null
1652752463735	Marionette	INFO	Stopped listening on port 51797

###!!! [Parent][PGPUParent] Error: RunMessage(msgname=PGPU::Msg_ShutdownVR) Channel closing: too late to send/recv, messages will be lost

1652752464461	geckodriver	INFO	Listening on 127.0.0.1:51848
1652752467534	mozrunner::runner	INFO	Running command: "C:\\Program Files\\Mozilla Firefox\\firefox.exe" "--marionette" "--remote-debugging-port" "51849" "-no-remote" "-profile" "C:\\Users\\eldor\\AppData\\Local\\Temp\\rust_mozprofilevrmHBI"
1652752467851	Marionette	INFO	Marionette enabled
console.warn: SearchSettings: "get: No settings file exists, new profile?" (new NotFoundError("Could not open the file at C:\\Users\\eldor\\AppData\\Local\\Temp\\rust_mozprofilevrmHBI\\search.json.mozlz4", (void 0)))
DevTools listening on ws://localhost:51849/devtools/browser/39e1edd1-74da-4400-a00c-4cd0d8153153
1652752469428	Marionette	INFO	Listening on port 51856
1652752469599	RemoteAgent	WARN	TLS certificate errors will be ignored for this session
console.warn: LoginRecipes: "getRecipes: falling back to a synchronous message for:" "https://www.saucedemo.com"
console.warn: LoginRecipes: "getRecipes: falling back to a synchronous message for:" "https://www.saucedemo.com"
JavaScript error: resource://gre/modules/LoginManagerParent.jsm, line 136: TypeError: gRecipeManager is null
1652752471295	Marionette	INFO	Stopped listening on port 51856
1652752472057	geckodriver	INFO	Listening on 127.0.0.1:51912
1652752475260	mozrunner::runner	INFO	Running command: "C:\\Program Files\\Mozilla Firefox\\firefox.exe" "--marionette" "--remote-debugging-port" "51913" "-no-remote" "-profile" "C:\\Users\\eldor\\AppData\\Local\\Temp\\rust_mozprofile2VkSq6"
1652752475596	Marionette	INFO	Marionette enabled
console.warn: SearchSettings: "get: No settings file exists, new profile?" (new NotFoundError("Could not open the file at C:\\Users\\eldor\\AppData\\Local\\Temp\\rust_mozprofile2VkSq6\\search.json.mozlz4", (void 0)))
DevTools listening on ws://localhost:51913/devtools/browser/d72210df-3c38-46f6-bc93-aed5fe4b1dcc
1652752477266	Marionette	INFO	Listening on port 51921
1652752477327	RemoteAgent	WARN	TLS certificate errors will be ignored for this session
console.warn: LoginRecipes: "getRecipes: falling back to a synchronous message for:" "https://www.saucedemo.com"
console.warn: LoginRecipes: "getRecipes: falling back to a synchronous message for:" "https://www.saucedemo.com"
JavaScript error: resource://gre/modules/LoginManagerParent.jsm, line 136: TypeError: gRecipeManager is null
1652752478875	Marionette	INFO	Stopped listening on port 51921
1652752797256	geckodriver	INFO	Listening on 127.0.0.1:52262
1652752800333	mozrunner::runner	INFO	Running command: "C:\\Program Files\\Mozilla Firefox\\firefox.exe" "--marionette" "--remote-debugging-port" "52263" "-no-remote" "-profile" "C:\\Users\\eldor\\AppData\\Local\\Temp\\rust_mozprofile8hZY4N"
1652752800656	Marionette	INFO	Marionette enabled
console.warn: SearchSettings: "get: No settings file exists, new profile?" (new NotFoundError("Could not open the file at C:\\Users\\eldor\\AppData\\Local\\Temp\\rust_mozprofile8hZY4N\\search.json.mozlz4", (void 0)))
DevTools listening on ws://localhost:52263/devtools/browser/81321b4f-b192-44a3-b41e-39246b0720aa
1652752802248	Marionette	INFO	Listening on port 52270
1652752802397	RemoteAgent	WARN	TLS certificate errors will be ignored for this session
console.warn: LoginRecipes: "getRecipes: falling back to a synchronous message for:" "https://www.saucedemo.com"
console.warn: LoginRecipes: "getRecipes: falling back to a synchronous message for:" "https://www.saucedemo.com"
JavaScript error: resource://gre/modules/LoginManagerParent.jsm, line 136: TypeError: gRecipeManager is null
1652752804094	Marionette	INFO	Stopped listening on port 52270
1652753002421	geckodriver	INFO	Listening on 127.0.0.1:52497
1652753005508	mozrunner::runner	INFO	Running command: "C:\\Program Files\\Mozilla Firefox\\firefox.exe" "--marionette" "--remote-debugging-port" "52498" "-no-remote" "-profile" "C:\\Users\\eldor\\AppData\\Local\\Temp\\rust_mozprofileIH6pUk"
1652753005990	Marionette	INFO	Marionette enabled
console.warn: SearchSettings: "get: No settings file exists, new profile?" (new NotFoundError("Could not open the file at C:\\Users\\eldor\\AppData\\Local\\Temp\\rust_mozprofileIH6pUk\\search.json.mozlz4", (void 0)))
DevTools listening on ws://localhost:52498/devtools/browser/5478efdf-cdaf-47fc-b4c2-2689043e899d
1652753007394	Marionette	INFO	Listening on port 52508
1652753007571	RemoteAgent	WARN	TLS certificate errors will be ignored for this session
console.warn: LoginRecipes: "getRecipes: falling back to a synchronous message for:" "https://www.saucedemo.com"
console.warn: LoginRecipes: "getRecipes: falling back to a synchronous message for:" "https://www.saucedemo.com"
JavaScript error: resource://gre/modules/LoginManagerParent.jsm, line 136: TypeError: gRecipeManager is null
1652753014123	Marionette	INFO	Stopped listening on port 52508
1652753080011	geckodriver	INFO	Listening on 127.0.0.1:52632
1652753083089	mozrunner::runner	INFO	Running command: "C:\\Program Files\\Mozilla Firefox\\firefox.exe" "--marionette" "--remote-debugging-port" "52633" "-no-remote" "-profile" "C:\\Users\\eldor\\AppData\\Local\\Temp\\rust_mozprofileUXIJKH"
1652753083444	Marionette	INFO	Marionette enabled
console.warn: SearchSettings: "get: No settings file exists, new profile?" (new NotFoundError("Could not open the file at C:\\Users\\eldor\\AppData\\Local\\Temp\\rust_mozprofileUXIJKH\\search.json.mozlz4", (void 0)))
DevTools listening on ws://localhost:52633/devtools/browser/b13c90d1-dc1e-493a-9c45-ce066f110a5b
1652753084968	Marionette	INFO	Listening on port 52643
1652753085153	RemoteAgent	WARN	TLS certificate errors will be ignored for this session
console.warn: LoginRecipes: "getRecipes: falling back to a synchronous message for:" "https://www.saucedemo.com"
console.warn: LoginRecipes: "getRecipes: falling back to a synchronous message for:" "https://www.saucedemo.com"
JavaScript error: resource://gre/modules/LoginManagerParent.jsm, line 136: TypeError: gRecipeManager is null
1652753086598	Marionette	INFO	Stopped listening on port 52643
JavaScript error: resource://gre/modules/AsyncShutdown.jsm, line 718: Error: Phase "Sqlite.jsm: wait until all connections are closed" is finished, it is too late to register completion condition "protections.sqlite#0: waiting for shutdown"
1652753274465	geckodriver	INFO	Listening on 127.0.0.1:52866
1652753277549	mozrunner::runner	INFO	Running command: "C:\\Program Files\\Mozilla Firefox\\firefox.exe" "--marionette" "--remote-debugging-port" "52867" "-no-remote" "-profile" "C:\\Users\\eldor\\AppData\\Local\\Temp\\rust_mozprofile68dlxJ"
1652753277884	Marionette	INFO	Marionette enabled
console.warn: SearchSettings: "get: No settings file exists, new profile?" (new NotFoundError("Could not open the file at C:\\Users\\eldor\\AppData\\Local\\Temp\\rust_mozprofile68dlxJ\\search.json.mozlz4", (void 0)))
DevTools listening on ws://localhost:52867/devtools/browser/830078cd-f23c-4e3f-9139-55ae7a503ed4
1652753279422	Marionette	INFO	Listening on port 52875
1652753279608	RemoteAgent	WARN	TLS certificate errors will be ignored for this session
1652753280287	Marionette	INFO	Stopped listening on port 52875
JavaScript error: resource://services-settings/Utils.jsm, line 153: TypeError: NetworkError: Network request failed
1652753281012	geckodriver	INFO	Listening on 127.0.0.1:52919
1652753284091	mozrunner::runner	INFO	Running command: "C:\\Program Files\\Mozilla Firefox\\firefox.exe" "--marionette" "--remote-debugging-port" "52920" "-no-remote" "-profile" "C:\\Users\\eldor\\AppData\\Local\\Temp\\rust_mozprofile1rlyHQ"
1652753284417	Marionette	INFO	Marionette enabled
console.warn: SearchSettings: "get: No settings file exists, new profile?" (new NotFoundError("Could not open the file at C:\\Users\\eldor\\AppData\\Local\\Temp\\rust_mozprofile1rlyHQ\\search.json.mozlz4", (void 0)))
DevTools listening on ws://localhost:52920/devtools/browser/ae76f5a1-49ff-4209-bd78-e6af6aba9435
1652753285908	Marionette	INFO	Listening on port 52927
1652753286160	RemoteAgent	WARN	TLS certificate errors will be ignored for this session
console.warn: LoginRecipes: "getRecipes: falling back to a synchronous message for:" "https://www.saucedemo.com"
console.warn: LoginRecipes: "getRecipes: falling back to a synchronous message for:" "https://www.saucedemo.com"
JavaScript error: resource://gre/modules/LoginManagerParent.jsm, line 136: TypeError: gRecipeManager is null
1652753287287	Marionette	INFO	Stopped listening on port 52927
1652753288018	geckodriver	INFO	Listening on 127.0.0.1:52976
1652753291081	mozrunner::runner	INFO	Running command: "C:\\Program Files\\Mozilla Firefox\\firefox.exe" "--marionette" "--remote-debugging-port" "52977" "-no-remote" "-profile" "C:\\Users\\eldor\\AppData\\Local\\Temp\\rust_mozprofile5mPgY9"
1652753291573	Marionette	INFO	Marionette enabled
console.warn: SearchSettings: "get: No settings file exists, new profile?" (new NotFoundError("Could not open the file at C:\\Users\\eldor\\AppData\\Local\\Temp\\rust_mozprofile5mPgY9\\search.json.mozlz4", (void 0)))
DevTools listening on ws://localhost:52977/devtools/browser/3a758622-83a4-4314-ab23-836f72f8efdb
1652753293127	Marionette	INFO	Listening on port 52984
1652753293239	RemoteAgent	WARN	TLS certificate errors will be ignored for this session
console.warn: LoginRecipes: "getRecipes: falling back to a synchronous message for:" "https://www.saucedemo.com"
console.warn: LoginRecipes: "getRecipes: falling back to a synchronous message for:" "https://www.saucedemo.com"
JavaScript error: resource://gre/modules/LoginManagerParent.jsm, line 136: TypeError: gRecipeManager is null
1652753294931	Marionette	INFO	Stopped listening on port 52984
JavaScript error: resource://gre/modules/UrlClassifierListManager.jsm, line 691: TypeError: this.tablesData[table] is undefined

###!!! [Parent][PGPUParent] Error: RunMessage(msgname=PGPU::Msg_ShutdownVR) Channel closing: too late to send/recv, messages will be lost

1652753295687	geckodriver	INFO	Listening on 127.0.0.1:53041
1652753298750	mozrunner::runner	INFO	Running command: "C:\\Program Files\\Mozilla Firefox\\firefox.exe" "--marionette" "--remote-debugging-port" "53042" "-no-remote" "-profile" "C:\\Users\\eldor\\AppData\\Local\\Temp\\rust_mozprofilem4nh6r"
1652753299101	Marionette	INFO	Marionette enabled
console.warn: SearchSettings: "get: No settings file exists, new profile?" (new NotFoundError("Could not open the file at C:\\Users\\eldor\\AppData\\Local\\Temp\\rust_mozprofilem4nh6r\\search.json.mozlz4", (void 0)))
DevTools listening on ws://localhost:53042/devtools/browser/40b919da-f7d5-40ae-a1e1-464483c826a0
1652753300675	Marionette	INFO	Listening on port 53050
1652753300821	RemoteAgent	WARN	TLS certificate errors will be ignored for this session
console.warn: LoginRecipes: "getRecipes: falling back to a synchronous message for:" "https://www.saucedemo.com"
console.warn: LoginRecipes: "getRecipes: falling back to a synchronous message for:" "https://www.saucedemo.com"
JavaScript error: resource://gre/modules/LoginManagerParent.jsm, line 136: TypeError: gRecipeManager is null
1652753302388	Marionette	INFO	Stopped listening on port 53050
1652753303132	geckodriver	INFO	Listening on 127.0.0.1:53104
1652753306188	mozrunner::runner	INFO	Running command: "C:\\Program Files\\Mozilla Firefox\\firefox.exe" "--marionette" "--remote-debugging-port" "53105" "-no-remote" "-profile" "C:\\Users\\eldor\\AppData\\Local\\Temp\\rust_mozprofilec4HkKB"
1652753306525	Marionette	INFO	Marionette enabled
console.warn: SearchSettings: "get: No settings file exists, new profile?" (new NotFoundError("Could not open the file at C:\\Users\\eldor\\AppData\\Local\\Temp\\rust_mozprofilec4HkKB\\search.json.mozlz4", (void 0)))
DevTools listening on ws://localhost:53105/devtools/browser/ec6c552b-50f0-4d05-b3d7-3e7498f01cd5
1652753308154	Marionette	INFO	Listening on port 53113
1652753308248	RemoteAgent	WARN	TLS certificate errors will be ignored for this session
console.warn: LoginRecipes: "getRecipes: falling back to a synchronous message for:" "https://www.saucedemo.com"
console.warn: LoginRecipes: "getRecipes: falling back to a synchronous message for:" "https://www.saucedemo.com"
JavaScript error: resource://gre/modules/LoginManagerParent.jsm, line 136: TypeError: gRecipeManager is null
1652753309846	Marionette	INFO	Stopped listening on port 53113

###!!! [Parent][PGPUParent] Error: RunMessage(msgname=PGPU::Msg_ShutdownVR) Channel closing: too late to send/recv, messages will be lost

1652753542381	geckodriver	INFO	Listening on 127.0.0.1:52228
1652753545444	mozrunner::runner	INFO	Running command: "C:\\Program Files\\Mozilla Firefox\\firefox.exe" "--marionette" "--remote-debugging-port" "52229" "-no-remote" "-profile" "C:\\Users\\eldor\\AppData\\Local\\Temp\\rust_mozprofileZgtGLS"
1652753545768	Marionette	INFO	Marionette enabled
console.warn: SearchSettings: "get: No settings file exists, new profile?" (new NotFoundError("Could not open the file at C:\\Users\\eldor\\AppData\\Local\\Temp\\rust_mozprofileZgtGLS\\search.json.mozlz4", (void 0)))
DevTools listening on ws://localhost:52229/devtools/browser/916b7980-e061-4cd8-b60d-4534a21c28da
1652753547285	Marionette	INFO	Listening on port 52235
1652753547492	RemoteAgent	WARN	TLS certificate errors will be ignored for this session
1652753548245	Marionette	INFO	Stopped listening on port 52235
JavaScript error: resource://services-settings/Utils.jsm, line 153: TypeError: NetworkError: Network request failed
JavaScript error: resource://services-settings/RemoteSettingsWorker.jsm, line 143: Error: Shutdown, aborting read-only worker requests.

###!!! [Parent][PGPUParent] Error: RunMessage(msgname=PGPU::Msg_ShutdownVR) Channel closing: too late to send/recv, messages will be lost

1652753548943	geckodriver	INFO	Listening on 127.0.0.1:52280
1652753552013	mozrunner::runner	INFO	Running command: "C:\\Program Files\\Mozilla Firefox\\firefox.exe" "--marionette" "--remote-debugging-port" "52281" "-no-remote" "-profile" "C:\\Users\\eldor\\AppData\\Local\\Temp\\rust_mozprofilew56aFm"
1652753552337	Marionette	INFO	Marionette enabled
console.warn: SearchSettings: "get: No settings file exists, new profile?" (new NotFoundError("Could not open the file at C:\\Users\\eldor\\AppData\\Local\\Temp\\rust_mozprofilew56aFm\\search.json.mozlz4", (void 0)))
DevTools listening on ws://localhost:52281/devtools/browser/03e7e92e-0b4a-48ca-8b6a-70b2181040fb
1652753553869	Marionette	INFO	Listening on port 52287
1652753554071	RemoteAgent	WARN	TLS certificate errors will be ignored for this session
console.warn: LoginRecipes: "getRecipes: falling back to a synchronous message for:" "https://www.saucedemo.com"
console.warn: LoginRecipes: "getRecipes: falling back to a synchronous message for:" "https://www.saucedemo.com"
JavaScript error: resource://gre/modules/LoginManagerParent.jsm, line 136: TypeError: gRecipeManager is null
1652753555134	Marionette	INFO	Stopped listening on port 52287
JavaScript error: resource://gre/modules/TerminatorTelemetry.jsm, line 71: AbortError: IOUtils: Shutting down and refusing additional I/O tasks
1652753555847	geckodriver	INFO	Listening on 127.0.0.1:52340
1652753558922	mozrunner::runner	INFO	Running command: "C:\\Program Files\\Mozilla Firefox\\firefox.exe" "--marionette" "--remote-debugging-port" "52341" "-no-remote" "-profile" "C:\\Users\\eldor\\AppData\\Local\\Temp\\rust_mozprofilejnyrGr"
1652753559245	Marionette	INFO	Marionette enabled
console.warn: SearchSettings: "get: No settings file exists, new profile?" (new NotFoundError("Could not open the file at C:\\Users\\eldor\\AppData\\Local\\Temp\\rust_mozprofilejnyrGr\\search.json.mozlz4", (void 0)))
DevTools listening on ws://localhost:52341/devtools/browser/99d0b3d7-90b6-4379-ab0d-2f277fc31563
1652753560789	Marionette	INFO	Listening on port 52347
1652753560986	RemoteAgent	WARN	TLS certificate errors will be ignored for this session
console.warn: LoginRecipes: "getRecipes: falling back to a synchronous message for:" "https://www.saucedemo.com"
console.warn: LoginRecipes: "getRecipes: falling back to a synchronous message for:" "https://www.saucedemo.com"
JavaScript error: resource://gre/modules/LoginManagerParent.jsm, line 136: TypeError: gRecipeManager is null
1652753562490	Marionette	INFO	Stopped listening on port 52347
1652753563234	geckodriver	INFO	Listening on 127.0.0.1:52398
1652753566294	mozrunner::runner	INFO	Running command: "C:\\Program Files\\Mozilla Firefox\\firefox.exe" "--marionette" "--remote-debugging-port" "52399" "-no-remote" "-profile" "C:\\Users\\eldor\\AppData\\Local\\Temp\\rust_mozprofileXruepn"
1652753566625	Marionette	INFO	Marionette enabled
console.warn: SearchSettings: "get: No settings file exists, new profile?" (new NotFoundError("Could not open the file at C:\\Users\\eldor\\AppData\\Local\\Temp\\rust_mozprofileXruepn\\search.json.mozlz4", (void 0)))
DevTools listening on ws://localhost:52399/devtools/browser/24a94053-2531-44ed-98eb-dfba497cac57
1652753568241	Marionette	INFO	Listening on port 52405
1652753568345	RemoteAgent	WARN	TLS certificate errors will be ignored for this session
console.warn: LoginRecipes: "getRecipes: falling back to a synchronous message for:" "https://www.saucedemo.com"
console.warn: LoginRecipes: "getRecipes: falling back to a synchronous message for:" "https://www.saucedemo.com"
JavaScript error: resource://gre/modules/LoginManagerParent.jsm, line 136: TypeError: gRecipeManager is null
1652753569836	Marionette	INFO	Stopped listening on port 52405
1652753570486	geckodriver	INFO	Listening on 127.0.0.1:52459
1652753573543	mozrunner::runner	INFO	Running command: "C:\\Program Files\\Mozilla Firefox\\firefox.exe" "--marionette" "--remote-debugging-port" "52460" "-no-remote" "-profile" "C:\\Users\\eldor\\AppData\\Local\\Temp\\rust_mozprofile7SBbYo"
1652753573870	Marionette	INFO	Marionette enabled
console.warn: SearchSettings: "get: No settings file exists, new profile?" (new NotFoundError("Could not open the file at C:\\Users\\eldor\\AppData\\Local\\Temp\\rust_mozprofile7SBbYo\\search.json.mozlz4", (void 0)))
DevTools listening on ws://localhost:52460/devtools/browser/63158ad1-75c8-4ade-9474-af28e28bb681
1652753575390	Marionette	INFO	Listening on port 52466
1652753575613	RemoteAgent	WARN	TLS certificate errors will be ignored for this session
console.warn: LoginRecipes: "getRecipes: falling back to a synchronous message for:" "https://www.saucedemo.com"
console.warn: LoginRecipes: "getRecipes: falling back to a synchronous message for:" "https://www.saucedemo.com"
JavaScript error: resource://gre/modules/LoginManagerParent.jsm, line 136: TypeError: gRecipeManager is null
1652753576896	Marionette	INFO	Stopped listening on port 52466
